<?xml version="1.0" encoding="UTF-8"?>
<!-- Generated by org.testng.reporters.JUnitXMLReporter -->
<testsuite ignored="0" hostname="ALBIN" failures="0" tests="1" name="Test-2" time="8.04" errors="0" timestamp="2025-04-11T16:33:00 IST">
  <testcase classname="com.pac4.afterBaseClassCreation.CreateContact" name="createContactTest" time="0.0">
    <skipped/>
  </testcase> <!-- createContactTest -->
</testsuite> <!-- Test-2 -->
