<?xml version="1.0" encoding="UTF-8"?>
<!-- Generated by org.testng.reporters.JUnitReportReporter -->
<testsuite hostname="ALBIN" failures="0" tests="3" name="debugging.CreateOrganization3in1" time="64.319" errors="0" timestamp="2025-04-18T10:56:19 IST" skipped="0">
  <testcase classname="debugging.CreateOrganization3in1" name="createOrgWithPhoneNum" time="17.774"/>
  <testcase classname="debugging.CreateOrganization3in1" name="createOrgWithIndustryType" time="24.956"/>
  <testcase classname="debugging.CreateOrganization3in1" name="createOrganization" time="21.589"/>
</testsuite> <!-- debugging.CreateOrganization3in1 -->
