<?xml version="1.0" encoding="UTF-8"?>
<!-- Generated by org.testng.reporters.JUnitReportReporter -->
<testsuite hostname="ALBIN" failures="0" tests="3" name="com.pac4.afterBaseclassCreationOrganization.CreateOrganization3in1" time="64.526" errors="0" timestamp="2025-04-11T12:54:35 IST" skipped="0">
  <testcase classname="com.pac4.afterBaseclassCreationOrganization.CreateOrganization3in1" name="createOrgWithPhoneNum" time="20.182"/>
  <testcase classname="com.pac4.afterBaseclassCreationOrganization.CreateOrganization3in1" name="createOrganization" time="21.746"/>
  <testcase classname="com.pac4.afterBaseclassCreationOrganization.CreateOrganization3in1" name="createOrgWithIndustryType" time="22.598"/>
</testsuite> <!-- com.pac4.afterBaseclassCreationOrganization.CreateOrganization3in1 -->
