<?xml version="1.0" encoding="UTF-8"?>
<!-- Generated by org.testng.reporters.JUnitReportReporter -->
<testsuite hostname="ALBIN" failures="0" tests="1" name="dataDrivenTesting.CreateOrgWithJsonData" time="28.450" errors="0" timestamp="14 Mar 2025 06:34:02 GMT" skipped="0">
  <testcase classname="dataDrivenTesting.CreateOrgWithJsonData" name="createOrg" time="28.450"/>
</testsuite> <!-- dataDrivenTesting.CreateOrgWithJsonData -->
