<?xml version="1.0" encoding="UTF-8"?>
<!-- Generated by org.testng.reporters.JUnitReportReporter -->
<testsuite hostname="ALBIN" failures="0" tests="2" name="com.pac1.CreateContactTest" time="22.188" errors="0" timestamp="2025-04-08T16:16:06 IST" skipped="0">
  <testcase classname="com.pac1.CreateContactTest" name="createContact" time="11.263"/>
  <testcase classname="com.pac1.CreateContactTest" name="createContactWithDate" time="10.925"/>
</testsuite> <!-- com.pac1.CreateContactTest -->
