<?xml version="1.0" encoding="UTF-8"?>
<!-- Generated by org.testng.reporters.JUnitReportReporter -->
<testsuite hostname="ALBIN" failures="0" tests="3" name="practiceTestNG.CreateContact_DataProviderTest" time="0.026" errors="0" timestamp="2025-03-27T16:10:14 IST" skipped="0">
  <testcase classname="practiceTestNG.CreateContact_DataProviderTest" name="createContactTest" time="0.001"/>
  <testcase classname="practiceTestNG.CreateContact_DataProviderTest" name="createContactTest" time="0.003"/>
  <testcase classname="practiceTestNG.CreateContact_DataProviderTest" name="createContactTest" time="0.022"/>
</testsuite> <!-- practiceTestNG.CreateContact_DataProviderTest -->
