<?xml version="1.0" encoding="UTF-8"?>
<!-- Generated by org.testng.reporters.JUnitReportReporter -->
<testsuite hostname="ALBIN" failures="0" tests="1" name="dataDrivenTesting.JDBCcheckProjectInBackend" time="0.571" errors="0" timestamp="17 Mar 2025 12:44:53 GMT" skipped="0">
  <testcase classname="dataDrivenTesting.JDBCcheckProjectInBackend" name="projetCheck" time="0.571"/>
</testsuite> <!-- dataDrivenTesting.JDBCcheckProjectInBackend -->
