<?xml version="1.0" encoding="UTF-8"?>
<!-- Generated by org.testng.reporters.JUnitReportReporter -->
<testsuite hostname="ALBIN" failures="0" tests="2" name="assertion.homepageTest.Reporterbasic" time="0.024" errors="0" timestamp="2025-04-14T14:43:36 IST" skipped="0">
  <testcase classname="assertion.homepageTest.Reporterbasic" name="verifyLogoHomePageTest" time="0.004">
    <system-out>
      <![CDATA[verifyLogoHomePageTest Test Start
Step-1
Step-2
Step-3
Step-4
verifyLogoHomePageTest Test End]]>
    </system-out>
  </testcase> <!-- verifyLogoHomePageTest -->
  <testcase classname="assertion.homepageTest.Reporterbasic" name="HomePageTest" time="0.020">
    <system-out>
      <![CDATA[HomePageTest Test Start
Step-1
Step-2
Step-3
Step-4
HomePageTest Test End]]>
    </system-out>
  </testcase> <!-- HomePageTest -->
  <system-out>
    <![CDATA[HomePageTest Test Start
Step-1
Step-2
Step-3
Step-4
HomePageTest Test End
verifyLogoHomePageTest Test Start
Step-1
Step-2
Step-3
Step-4
verifyLogoHomePageTest Test End]]>
  </system-out>
</testsuite> <!-- assertion.homepageTest.Reporterbasic -->
