<?xml version="1.0" encoding="UTF-8"?>
<!-- Generated by org.testng.reporters.JUnitReportReporter -->
<testsuite hostname="ALBIN" failures="0" tests="2" name="annotation_and_BaseClass.test.CreateOrgTest" time="0.032" errors="0" timestamp="2025-03-28T16:17:51 IST" skipped="0">
  <testcase classname="annotation_and_BaseClass.test.CreateOrgTest" name="cerateOrgwithIndustry" time="0.009"/>
  <testcase classname="annotation_and_BaseClass.test.CreateOrgTest" name="cerateOrgTest" time="0.023"/>
</testsuite> <!-- annotation_and_BaseClass.test.CreateOrgTest -->
