<?xml version="1.0" encoding="UTF-8"?>
<!-- Generated by org.testng.reporters.JUnitReportReporter -->
<testsuite hostname="ALBIN" failures="0" tests="11" name="practiceTestNG.OrderTest" time="0.032" errors="0" timestamp="27 Mar 2025 07:28:10 GMT" skipped="1">
  <testcase classname="practiceTestNG.OrderTest" name="createOrderTest" time="0.003"/>
  <testcase classname="practiceTestNG.OrderTest" name="createOrderTest" time="0.002"/>
  <testcase classname="practiceTestNG.OrderTest" name="createOrderTest" time="0.002"/>
  <testcase classname="practiceTestNG.OrderTest" name="createOrderTest" time="0.002"/>
  <testcase classname="practiceTestNG.OrderTest" name="createOrderTest" time="0.002"/>
  <testcase classname="practiceTestNG.OrderTest" name="createOrderTest" time="0.001"/>
  <testcase classname="practiceTestNG.OrderTest" name="createOrderTest" time="0.002"/>
  <testcase classname="practiceTestNG.OrderTest" name="createOrderTest" time="0.014"/>
  <testcase classname="practiceTestNG.OrderTest" name="createOrderTest" time="0.002"/>
  <testcase classname="practiceTestNG.OrderTest" name="createOrderTest" time="0.002"/>
  <testcase classname="practiceTestNG.OrderTest" name="billingOrderTest">
    <skipped/>
  </testcase> <!-- billingOrderTest -->
</testsuite> <!-- practiceTestNG.OrderTest -->
