<?xml version="1.0" encoding="UTF-8"?>
<!-- Generated by org.testng.reporters.JUnitReportReporter -->
<testsuite hostname="ALBIN" failures="0" tests="2" name="com.pac2.CreateOrgTest" time="22.792" errors="0" timestamp="2025-04-08T16:16:06 IST" skipped="0">
  <testcase classname="com.pac2.CreateOrgTest" name="createOrgWithIndustry" time="11.738"/>
  <testcase classname="com.pac2.CreateOrgTest" name="createOrgTest" time="11.054"/>
</testsuite> <!-- com.pac2.CreateOrgTest -->
