<?xml version="1.0" encoding="UTF-8"?>
<!-- Generated by org.testng.reporters.JUnitReportReporter -->
<testsuite hostname="ALBIN" failures="0" tests="1" name="reportextent.CreateContact3in1" time="25.138" errors="0" timestamp="2025-04-17T15:27:10 IST" skipped="0">
  <testcase classname="reportextent.CreateContact3in1" name="createContactTest" time="25.138"/>
</testsuite> <!-- reportextent.CreateContact3in1 -->
