<?xml version="1.0" encoding="UTF-8"?>
<!-- Generated by org.testng.reporters.JUnitReportReporter -->
<testsuite hostname="ALBIN" failures="0" tests="1" name="com.pac4.afterBaseclassCreationOrganization.CreateOrganizationWithIndustryTypeTest" time="22.894" errors="0" timestamp="2025-04-11T12:52:11 IST" skipped="0">
  <testcase classname="com.pac4.afterBaseclassCreationOrganization.CreateOrganizationWithIndustryTypeTest" name="createOrgWithIndustryType" time="22.894"/>
</testsuite> <!-- com.pac4.afterBaseclassCreationOrganization.CreateOrganizationWithIndustryTypeTest -->
