<?xml version="1.0" encoding="UTF-8"?>
<!-- Generated by org.testng.reporters.JUnitReportReporter -->
<testsuite hostname="ALBIN" failures="0" tests="1" name="reportextent.SampleReportTestAttachScreenshot" time="4.884" errors="0" timestamp="2025-04-17T11:18:46 IST" skipped="0">
  <testcase classname="reportextent.SampleReportTestAttachScreenshot" name="createcontactTest" time="4.884"/>
</testsuite> <!-- reportextent.SampleReportTestAttachScreenshot -->
