<?xml version="1.0" encoding="UTF-8"?>
<!-- Generated by org.testng.reporters.JUnitReportReporter -->
<testsuite hostname="ALBIN" failures="0" tests="2" name="annotation.test.CreateContactTest" time="0.032" errors="0" timestamp="2025-04-03T11:10:58 IST" skipped="0">
  <testcase classname="annotation.test.CreateContactTest" name="cerateContact" time="0.024"/>
  <testcase classname="annotation.test.CreateContactTest" name="cerateContactwithDate" time="0.008"/>
</testsuite> <!-- annotation.test.CreateContactTest -->
