<?xml version="1.0" encoding="UTF-8"?>
<!-- Generated by org.testng.reporters.JUnitReportReporter -->
<testsuite hostname="ALBIN" failures="0" tests="1" name="com.pac4.afterBaseclassCreationOrganization.CreateOrganizationWithPhoneNumberTest" time="22.998" errors="0" timestamp="2025-04-11T12:51:24 IST" skipped="0">
  <testcase classname="com.pac4.afterBaseclassCreationOrganization.CreateOrganizationWithPhoneNumberTest" name="createOrgWithPhoneNum" time="22.998"/>
</testsuite> <!-- com.pac4.afterBaseclassCreationOrganization.CreateOrganizationWithPhoneNumberTest -->
