<?xml version="1.0" encoding="UTF-8"?>
<!-- Generated by org.testng.reporters.JUnitReportReporter -->
<testsuite hostname="ALBIN" failures="0" tests="3" name="practiceTestNG.CreateContact_DataProviderTest3Parameter" time="0.030" errors="0" timestamp="2025-04-03T17:48:33 IST" skipped="0">
  <testcase classname="practiceTestNG.CreateContact_DataProviderTest3Parameter" name="createContactTest" time="0.004"/>
  <testcase classname="practiceTestNG.CreateContact_DataProviderTest3Parameter" name="createContactTest" time="0.023"/>
  <testcase classname="practiceTestNG.CreateContact_DataProviderTest3Parameter" name="createContactTest" time="0.003"/>
</testsuite> <!-- practiceTestNG.CreateContact_DataProviderTest3Parameter -->
