<?xml version="1.0" encoding="UTF-8"?>
<!-- Generated by org.testng.reporters.JUnitReportReporter -->
<testsuite hostname="ALBIN" failures="0" tests="3" name="com.pac4.afterBaseClassCreation.CreateContact3in1" time="87.818" errors="0" timestamp="2025-04-17T13:27:28 IST" skipped="0">
  <testcase classname="com.pac4.afterBaseClassCreation.CreateContact3in1" name="createContactWithSupportDate" time="24.213"/>
  <testcase classname="com.pac4.afterBaseClassCreation.CreateContact3in1" name="createContactWithOrgTest" time="38.941"/>
  <testcase classname="com.pac4.afterBaseClassCreation.CreateContact3in1" name="createContactTest" time="24.664"/>
</testsuite> <!-- com.pac4.afterBaseClassCreation.CreateContact3in1 -->
