<?xml version="1.0" encoding="UTF-8"?>
<!-- Generated by org.testng.reporters.JUnitReportReporter -->
<testsuite hostname="ALBIN" failures="0" tests="1" name="practice.pom.repository.SampleTestwithPom" time="9.856" errors="0" timestamp="24 Mar 2025 12:09:18 GMT" skipped="0">
  <testcase classname="practice.pom.repository.SampleTestwithPom" name="sampleTest" time="9.856"/>
</testsuite> <!-- practice.pom.repository.SampleTestwithPom -->
