<?xml version="1.0" encoding="UTF-8"?>
<!-- Generated by org.testng.reporters.JUnitReportReporter -->
<testsuite hostname="ALBIN" failures="0" tests="1" name="com.pac4.afterBaseClassCreation.CreateOrganizationWithPhoneNumberTest" time="23.294" errors="0" timestamp="2025-04-11T12:33:49 IST" skipped="0">
  <testcase classname="com.pac4.afterBaseClassCreation.CreateOrganizationWithPhoneNumberTest" name="createOrgWithPhoneNum" time="23.294"/>
</testsuite> <!-- com.pac4.afterBaseClassCreation.CreateOrganizationWithPhoneNumberTest -->
