<?xml version="1.0" encoding="UTF-8"?>
<!-- Generated by org.testng.reporters.JUnitReportReporter -->
<testsuite hostname="ALBIN" failures="0" tests="2" name="com.createContactAnnotationBaseClassTest.CreateContactTest" time="0.015" errors="0" timestamp="2025-04-07T12:38:14 IST" skipped="0">
  <testcase classname="com.createContactAnnotationBaseClassTest.CreateContactTest" name="cerateContactwithDate" time="0.003"/>
  <testcase classname="com.createContactAnnotationBaseClassTest.CreateContactTest" name="cerateContactTest" time="0.012"/>
</testsuite> <!-- com.createContactAnnotationBaseClassTest.CreateContactTest -->
