<?xml version="1.0" encoding="UTF-8"?>
<!-- Generated by org.testng.reporters.JUnitReportReporter -->
<testsuite hostname="ALBIN" failures="0" tests="1" name="practiceTestNG.SampleTest" time="0.022" errors="0" timestamp="26 Mar 2025 12:18:17 GMT" skipped="0">
  <testcase classname="practiceTestNG.SampleTest" name="createContactTest" time="0.022"/>
</testsuite> <!-- practiceTestNG.SampleTest -->
