<?xml version="1.0" encoding="UTF-8"?>
<!-- Generated by org.testng.reporters.JUnitReportReporter -->
<testsuite hostname="ALBIN" failures="0" tests="2" name="annotation.CreateContactTest" time="0.032" errors="0" timestamp="2025-03-28T14:53:04 IST" skipped="0">
  <testcase classname="annotation.CreateContactTest" name="cerateContactwithDate" time="0.007"/>
  <testcase classname="annotation.CreateContactTest" name="cerateContact" time="0.025"/>
</testsuite> <!-- annotation.CreateContactTest -->
