<?xml version="1.0" encoding="UTF-8"?>
<!-- Generated by org.testng.reporters.JUnitReportReporter -->
<testsuite hostname="ALBIN" failures="0" tests="2" name="assertion.homepageTest.Reporter" time="0.015" errors="0" timestamp="2025-04-14T13:29:19 IST" skipped="0">
  <testcase classname="assertion.homepageTest.Reporter" name="HomePageTest" time="0.013"/>
  <testcase classname="assertion.homepageTest.Reporter" name="verifyLogoHomePageTest" time="0.002"/>
</testsuite> <!-- assertion.homepageTest.Reporter -->
