<?xml version="1.0" encoding="UTF-8"?>
<!-- Generated by org.testng.reporters.JUnitReportReporter -->
<testsuite hostname="ALBIN" failures="0" tests="3" name="practiceTestNG.ContactTest" time="0.020" errors="0" timestamp="2025-04-04T15:17:13 IST" skipped="0">
  <testcase classname="practiceTestNG.ContactTest" name="createcontactTest" time="0.015"/>
  <testcase classname="practiceTestNG.ContactTest" name="modifyContactTest" time="0.002"/>
  <testcase classname="practiceTestNG.ContactTest" name="deleteContactTest" time="0.003"/>
</testsuite> <!-- practiceTestNG.ContactTest -->
