<?xml version="1.0" encoding="UTF-8"?>
<!-- Generated by org.testng.reporters.JUnitReportReporter -->
<testsuite hostname="ALBIN" failures="0" tests="1" name="assertion.homepageTest.SampleScreenShot" time="5.505" errors="0" timestamp="2025-04-14T16:01:26 IST" skipped="0">
  <testcase classname="assertion.homepageTest.SampleScreenShot" name="amazonTest" time="5.505"/>
</testsuite> <!-- assertion.homepageTest.SampleScreenShot -->
