<?xml version="1.0" encoding="UTF-8"?>
<!-- Generated by org.testng.reporters.JUnitReportReporter -->
<testsuite hostname="ALBIN" failures="0" tests="1" name="dataDrivenTesting.ReadDataFromXML" time="0.043" errors="0" timestamp="14 Mar 2025 05:09:36 GMT" skipped="0">
  <testcase classname="dataDrivenTesting.ReadDataFromXML" name="sampleTest" time="0.043"/>
</testsuite> <!-- dataDrivenTesting.ReadDataFromXML -->
