<?xml version="1.0" encoding="UTF-8"?>
<!-- Generated by org.testng.reporters.JUnitReportReporter -->
<testsuite hostname="ALBIN" failures="0" tests="1" name="com.pac4.afterBaseClassCreation.CreateOrganizationTest" time="38.016" errors="0" timestamp="2025-04-11T11:00:46 IST" skipped="0">
  <testcase classname="com.pac4.afterBaseClassCreation.CreateOrganizationTest" name="createOrganization" time="38.016"/>
</testsuite> <!-- com.pac4.afterBaseClassCreation.CreateOrganizationTest -->
