<?xml version="1.0" encoding="UTF-8"?>
<!-- Generated by org.testng.reporters.JUnitReportReporter -->
<testsuite hostname="ALBIN" failures="0" tests="1" name="com.pac4.afterBaseClassCreation.CreateContact" time="62.634" errors="0" timestamp="2025-04-15T10:58:54 IST" skipped="0">
  <testcase classname="com.pac4.afterBaseClassCreation.CreateContact" name="createContactTest" time="62.634"/>
</testsuite> <!-- com.pac4.afterBaseClassCreation.CreateContact -->
