<?xml version="1.0" encoding="UTF-8"?>
<!-- Generated by org.testng.reporters.JUnitReportReporter -->
<testsuite hostname="ALBIN" failures="0" tests="1" name="com.pac.CreateContactTest" time="0.051" errors="0" timestamp="2025-04-04T15:37:15 IST" skipped="0">
  <testcase classname="com.pac.CreateContactTest" name="createContact" time="0.051"/>
</testsuite> <!-- com.pac.CreateContactTest -->
