<?xml version="1.0" encoding="UTF-8"?>
<!-- Generated by org.testng.reporters.JUnitReportReporter -->
<testsuite hostname="ALBIN" failures="0" tests="3" name="com.pac4.afterBaseClassCreation.CreateContactTest" time="120.853" errors="0" timestamp="2025-04-11T10:29:51 IST" skipped="0">
  <testcase classname="com.pac4.afterBaseClassCreation.CreateContactTest" name="createContactTest" time="33.620"/>
  <testcase classname="com.pac4.afterBaseClassCreation.CreateContactTest" name="createContactWithOrgTest" time="53.688"/>
  <testcase classname="com.pac4.afterBaseClassCreation.CreateContactTest" name="createContactWithSupportDate" time="33.545"/>
</testsuite> <!-- com.pac4.afterBaseClassCreation.CreateContactTest -->
